<?xml version="1.0" encoding="UTF-8"?>
<!-- Generated by org.testng.reporters.JUnitReportReporter -->
<testsuite hostname="DESKTOP-D7PUHMF" failures="0" tests="1" name="GradleDemoProject.LibraryTest" time="0.010" errors="0" timestamp="2020-01-18T14:20:11 IST" skipped="0">
  <testcase classname="GradleDemoProject.LibraryTest" name="testSomeLibraryMethod" time="0.010"/>
  <system-out/>
</testsuite> <!-- GradleDemoProject.LibraryTest -->
