<?xml version="1.0" encoding="UTF-8"?>
<!-- Generated by org.testng.reporters.JUnitReportReporter -->
<testsuite hostname="DESKTOP-D7PUHMF" failures="0" tests="1" name="GradleDemoProject.LibraryTest" time="8.235" errors="0" timestamp="2020-02-27T10:04:54 IST" skipped="0">
  <testcase classname="GradleDemoProject.LibraryTest" name="testSomeLibraryMethod" time="8.235"/>
  <system-out/>
</testsuite> <!-- GradleDemoProject.LibraryTest -->
